<?xml version="1.0" encoding="utf-8"?><testsuites name="pytest tests"><testsuite name="pytest" errors="0" failures="0" skipped="0" tests="9" time="5.592" timestamp="2026-05-05T18:53:37.885761+00:00" hostname="agent-env-33f45cc2-66d4-413f-9abd-74f0c6837089"><testcase classname="backend.tests.backend_test" name="test_health" time="0.126" /><testcase classname="backend.tests.backend_test" name="test_send_otp_invalid_phone" time="0.111" /><testcase classname="backend.tests.backend_test" name="test_me" time="0.539" /><testcase classname="backend.tests.backend_test" name="test_me_unauthorized" time="0.202" /><testcase classname="backend.tests.backend_test" name="test_estimate" time="0.103" /><testcase classname="backend.tests.backend_test" name="test_driver_cannot_create_ride" time="0.482" /><testcase classname="backend.tests.backend_test" name="test_full_ride_flow" time="2.022" /><testcase classname="backend.tests.backend_test" name="test_forbidden_get_ride" time="0.639" /><testcase classname="backend.tests.backend_test" name="test_stripe_checkout_creation" time="1.286" /></testsuite></testsuites>